C51 COMPILER V9.60.7.0   KEYPAD                                                            12/16/2025 09:48:48 PAGE 1   


C51 COMPILER V9.60.7.0, COMPILATION OF MODULE KEYPAD
OBJECT MODULE PLACED IN .\Objects\keypad.obj
COMPILER INVOKED BY: C:\Keil_v5\C51\BIN\C51.EXE keypad.c OPTIMIZE(8,SPEED) BROWSE DEBUG OBJECTEXTEND PRINT(.\Listings\ke
                    -ypad.lst) TABS(2) OBJECT(.\Objects\keypad.obj)

line level    source

   1          #include <reg51.h>
   2          
   3          sbit rows[] = {P1^3, P1^4, P1^5, P1^6};
*** ERROR C141 IN LINE 3 OF keypad.c: syntax error near '[', expected '='
*** ERROR C141 IN LINE 3 OF keypad.c: syntax error near '}', expected ';'
   4          int rows_count = 4;
   5          sbit columns[] = {P1^0, P1^1, P1^2};
*** ERROR C141 IN LINE 5 OF keypad.c: syntax error near '[', expected '='
*** ERROR C141 IN LINE 5 OF keypad.c: syntax error near '}', expected ';'
   6          int colums_count = 3;
   7          int seven_segment_numbers[] = {
   8            0x3F, // 0
   9            0x06, // 1
  10            0x5B, // 2
  11            0x4F, // 3
  12            0x66, // 4
  13            0x6D, // 5
  14            0x7D, // 6
  15            0x07, // 7
  16            0x7F, // 8
  17            0x6F, // 9
  18            0x77, // A
  19            0x7C, // b (lowercase)
  20            0x3D, // C
  21            0x5E, // d (lowercase)
  22            0x79, // E
  23            0x71  // F
  24          };
  25          
  26          void delay(){
  27   1        unsigned int a = 0;
  28   1        while(a < 40000){
  29   2          a++;
  30   2      }
  31   1        
  32   1      void write_on_7_segment(int i){
*** ERROR C141 IN LINE 32 OF keypad.c: syntax error near 'void', expected '__asm'
  33   1        P2 = seven_segment_numbers[i];
  34   1      }
  35          
  36          void main(void){
  37   1        while(1){
  38   2          delay();
  39   2          
  40   2          // column detection
  41   2          int i = 0;
  42   2          for(int i = 0; i < rows_count; i++){
  43   3            rows[i] = 0;
  44   3          }
  45   2          
  46   2          int i = 0;
  47   2          for(int i = 0; i < colums_count; i++){
  48   3            columns[i] = 1;
  49   3          }
C51 COMPILER V9.60.7.0   KEYPAD                                                            12/16/2025 09:48:48 PAGE 2   

  50   2          
  51   2          if(columns[0] == 0){
  52   3            // row detection
  53   3            int i = 0;
  54   3            for(int i = 0; i < rows_count; i++){
  55   4              rows[i] = 1;
  56   4            }
  57   3          
  58   3            int i = 0;
  59   3            for(int i = 0; i < colums_count; i++){
  60   4              columns[i] = 0;
  61   4            }
  62   3            if(rows[0] == 0){
  63   4              write_on_7_segment(1);
  64   4            }
  65   3          }
  66   2          
  67   2          
  68   2          
  69   2        
  70   2        }
  71   1      }

C51 COMPILATION COMPLETE.  0 WARNING(S),  5 ERROR(S)
