C51 COMPILER V9.60.7.0   MAIN                                                              12/09/2025 11:50:36 PAGE 1   


C51 COMPILER V9.60.7.0, COMPILATION OF MODULE MAIN
OBJECT MODULE PLACED IN .\Objects\main.obj
COMPILER INVOKED BY: C:\Keil_v5\C51\BIN\C51.EXE main.c OPTIMIZE(8,SPEED) BROWSE DEBUG OBJECTEXTEND PRINT(.\Listings\main
                    -.lst) TABS(2) OBJECT(.\Objects\main.obj)

line level    source

   1          #include<reg51.h>
   2          sbit p0_led = P0^0;
   3          sbit p2_led = P2^0;
   4          sbit p2_blinking_led = P2^7;
   5          
   6          void delay(){
   7   1        unsigned int i;
   8   1        for(i = 0; i < 20000; i++);
   9   1      }
  10          
  11          void main(void){
  12   1        while(1){
  13   2          p0_led = 0;
  14   2          p2_led = 1;
  15   2          p2_blinking_led = 1;
  16   2          delay();
  17   2          p0_led = 1;
  18   2          p2_blinking_led = 0;
  19   2          delay();
  20   2        }
  21   1      }


MODULE INFORMATION:   STATIC OVERLAYABLE
   CODE SIZE        =     33    ----
   CONSTANT SIZE    =   ----    ----
   XDATA SIZE       =   ----    ----
   PDATA SIZE       =   ----    ----
   DATA SIZE        =   ----    ----
   IDATA SIZE       =   ----    ----
   BIT SIZE         =   ----    ----
END OF MODULE INFORMATION.


C51 COMPILATION COMPLETE.  0 WARNING(S),  0 ERROR(S)
